modules/google-signin/android/build/intermediates/manifest_merge_blame_file/debug/manifest-merger-blame-debug-report.txt
1<?xml version="1.0" encoding="utf-8"?>
2<manifest xmlns:android="http://schemas.android.com/apk/res/android"
3    package="expo.modules.googlesignin" >
4
5    <uses-sdk android:minSdkVersion="23" />
6
7    <uses-permission android:name="android.permission.INTERNET" />
7-->src/main/AndroidManifest.xml:3:5-67
7-->src/main/AndroidManifest.xml:3:22-64
8
9    <application>
9-->src/main/AndroidManifest.xml:5:5-7:19
10
11        <!-- Any application-specific configurations -->
12    </application>
13
14</manifest>